#
# A fatal error has been detected by the Java Runtime Environment:
#
#  EXCEPTION_ACCESS_VIOLATION (0xc0000005) at pc=0x6d00a80d, pid=5812, tid=11800
#
# JRE version: Java(TM) SE Runtime Environment (8.0_45-b15) (build 1.8.0_45-b15)
# Java VM: Java HotSpot(TM) Client VM (25.45-b02 mixed mode windows-x86 )
# Problematic frame:
# V  [jvm.dll+0xca80d]
#
# Failed to write core dump. Minidumps are not enabled by default on client versions of Windows
#
# If you would like to submit a bug report, please visit:
#   http://bugreport.java.com/bugreport/crash.jsp
#

---------------  T H R E A D  ---------------

Current thread (0x140c8000):  JavaThread "JDWP Transport Listener: dt_socket" daemon [_thread_in_vm, id=11800, stack(0x14410000,0x14460000)]

siginfo: ExceptionCode=0xc0000005, reading address 0x3b6e6f00

Registers:
EAX=0x3b6e6f00, EBX=0x00000000, ECX=0x3b6e6f00, EDX=0x00000000
ESP=0x1445fae8, EBP=0x1445faec, ESI=0x140c8000, EDI=0x007fe458
EIP=0x6d00a80d, EFLAGS=0x00010206

Top of Stack: (sp=0x1445fae8)
0x1445fae8:   140c8000 1445fb14 6d164914 3b6e6f00
0x1445faf8:   1445fbcc 1445fb4f 140c8000 00000000
0x1445fb08:   00000000 00000000 140c8000 1445fb50
0x1445fb18:   6d4a9f80 007fe458 3b6e6f00 1445fb4f
0x1445fb28:   3b6e6f00 6d49436d 3b6e6f00 1445fb4f
0x1445fb38:   00000006 00000000 00000000 0000000a
0x1445fb48:   00000000 00d3bf80 1445fb70 6d4944e0
0x1445fb58:   00000001 1445fb8c 1445fbc8 15df23f8 

Instructions: (pc=0x6d00a80d)
0x6d00a7ed:   5d c3 52 e8 5b f9 ff ff 5d c3 cc cc cc cc cc cc
0x6d00a7fd:   cc cc cc 55 8b ec 8b 45 08 85 c0 75 02 5d c3 56
0x6d00a80d:   8b 30 85 f6 74 17 83 fe 37 74 12 8b 06 8b 50 08
0x6d00a81d:   8b ce ff d2 84 c0 74 05 8b c6 5e 5d c3 33 c0 5e 


Register to memory mapping:

EAX=0x3b6e6f00 is an unknown value
EBX=0x00000000 is an unknown value
ECX=0x3b6e6f00 is an unknown value
EDX=0x00000000 is an unknown value
ESP=0x1445fae8 is pointing into the stack for thread: 0x140c8000
EBP=0x1445faec is pointing into the stack for thread: 0x140c8000
ESI=0x140c8000 is a thread
EDI=0x007fe458 is an unknown value


Stack: [0x14410000,0x14460000],  sp=0x1445fae8,  free space=318k
Native frames: (J=compiled Java code, j=interpreted, Vv=VM code, C=native code)
V  [jvm.dll+0xca80d]
V  [jvm.dll+0x224914]
C  [jdwp.dll+0x19f80]
C  [jdwp.dll+0x44e0]
C  [jdwp.dll+0x451e]
C  0x6e417265


---------------  P R O C E S S  ---------------

Java Threads: ( => current thread )
  0x14f28800 JavaThread "http-nio-8081-exec-7" daemon [_thread_blocked, id=11772, stack(0x17d70000,0x17dc0000)]
  0x14f27400 JavaThread "http-nio-8081-exec-6" daemon [_thread_blocked, id=3040, stack(0x17d00000,0x17d50000)]
  0x14f27c00 JavaThread "http-nio-8081-exec-5" daemon [_thread_blocked, id=1452, stack(0x17e20000,0x17e70000)]
  0x14f26800 JavaThread "http-nio-8081-exec-4" daemon [_thread_blocked, id=9132, stack(0x174a0000,0x174f0000)]
  0x14f26c00 JavaThread "http-nio-8081-exec-3" daemon [_thread_blocked, id=3872, stack(0x17c60000,0x17cb0000)]
  0x14f26000 JavaThread "http-nio-8081-exec-2" daemon [_thread_blocked, id=724, stack(0x17310000,0x17360000)]
  0x14efbc00 JavaThread "Tomcat JDBC Pool Cleaner[14341596:1477936730538]" daemon [_thread_blocked, id=9556, stack(0x176c0000,0x17710000)]
  0x15ce9000 JavaThread "http-nio-8081-exec-1" daemon [_thread_blocked, id=1928, stack(0x14690000,0x146e0000)]
  0x006bfc00 JavaThread "DestroyJavaVM" [_thread_blocked, id=10956, stack(0x00600000,0x00650000)]
  0x15056800 JavaThread "http-nio-8081-Acceptor-0" daemon [_thread_in_native, id=9872, stack(0x17440000,0x17490000)]
  0x1504f000 JavaThread "http-nio-8081-ClientPoller-1" daemon [_thread_in_native, id=5380, stack(0x17030000,0x17080000)]
  0x1504a400 JavaThread "http-nio-8081-ClientPoller-0" daemon [_thread_in_native, id=10984, stack(0x14b70000,0x14bc0000)]
  0x1503ec00 JavaThread "NioBlockingSelector.BlockPoller-1" daemon [_thread_in_native, id=2532, stack(0x173b0000,0x17400000)]
  0x15dc8c00 JavaThread "container-0" [_thread_blocked, id=6228, stack(0x170c0000,0x17110000)]
  0x15ddcc00 JavaThread "ContainerBackgroundProcessor[StandardEngine[Tomcat].StandardHost[localhost].StandardContext[]]" daemon [_thread_blocked, id=5292, stack(0x14b20000,0x14b70000)]
  0x140fc400 JavaThread "Service Thread" daemon [_thread_blocked, id=11700, stack(0x00650000,0x006a0000)]
  0x140e6800 JavaThread "C1 CompilerThread0" daemon [_thread_blocked, id=8676, stack(0x14390000,0x143e0000)]
  0x140d9800 JavaThread "JDWP Command Reader" daemon [_thread_in_native, id=11596, stack(0x00bb0000,0x00c00000)]
  0x140d8800 JavaThread "JDWP Event Helper Thread" daemon [_thread_blocked, id=10656, stack(0x00c80000,0x00cd0000)]
=>0x140c8000 JavaThread "JDWP Transport Listener: dt_socket" daemon [_thread_in_vm, id=11800, stack(0x14410000,0x14460000)]
  0x140cec00 JavaThread "Attach Listener" daemon [_thread_blocked, id=11084, stack(0x03b20000,0x03b70000)]
  0x140cdc00 JavaThread "Signal Dispatcher" daemon [_thread_blocked, id=9276, stack(0x00750000,0x007a0000)]
  0x14087800 JavaThread "Finalizer" daemon [_thread_blocked, id=11304, stack(0x00d40000,0x00d90000)]
  0x14082400 JavaThread "Reference Handler" daemon [_thread_blocked, id=8524, stack(0x00d90000,0x00de0000)]

Other Threads:
  0x1407e800 VMThread [stack: 0x00c10000,0x00c60000] [id=4116]
  0x140fdc00 WatcherThread [stack: 0x144a0000,0x144f0000] [id=8304]

VM state:not at safepoint (normal execution)

VM Mutex/Monitor currently owned by a thread: None

Heap:
 def new generation   total 15360K, used 11699K [0x03c00000, 0x04ca0000, 0x09150000)
  eden space 13696K,  73% used [0x03c00000, 0x045ccc38, 0x04960000)
  from space 1664K, 100% used [0x04b00000, 0x04ca0000, 0x04ca0000)
  to   space 1664K,   0% used [0x04960000, 0x04960000, 0x04b00000)
 tenured generation   total 34032K, used 25228K [0x09150000, 0x0b28c000, 0x13c00000)
   the space 34032K,  74% used [0x09150000, 0x0a9f33a8, 0x0a9f3400, 0x0b28c000)
 Metaspace       used 24178K, capacity 24415K, committed 24448K, reserved 24960K

Card table byte_map: [0x006c0000,0x00750000] byte_map_base: 0x006a2000

Polling page: 0x001d0000

CodeCache: size=32768Kb used=3939Kb max_used=3941Kb free=28828Kb
 bounds [0x01b10000, 0x01ef0000, 0x03b10000]
 total_blobs=2268 nmethods=2050 adapters=155
 compilation: enabled

Compilation events (10 events):
Event: 1175.532 Thread 0x140e6800 2104             org.apache.catalina.webresources.CachedResource::getNextCheck (5 bytes)
Event: 1175.532 Thread 0x140e6800 nmethod 2104 0x01db2308 code [0x01db2400, 0x01db2490]
Event: 1514.255 Thread 0x140e6800 2105  s          org.apache.tomcat.util.collections.SynchronizedQueue::size (23 bytes)
Event: 1514.255 Thread 0x140e6800 nmethod 2105 0x01db1fc8 code [0x01db20c0, 0x01db2290]
Event: 1532.450 Thread 0x140e6800 2106             org.apache.tomcat.util.net.NioBlockingSelector$BlockPoller::events (48 bytes)
Event: 1532.451 Thread 0x140e6800 nmethod 2106 0x01db1a48 code [0x01db1b70, 0x01db1e68]
Event: 1766.934 Thread 0x140e6800 2107             java.util.TaskQueue::isEmpty (13 bytes)
Event: 1766.934 Thread 0x140e6800 nmethod 2107 0x01db1888 code [0x01db1980, 0x01db1a10]
Event: 1852.234 Thread 0x140e6800 2108             java.util.concurrent.atomic.AtomicInteger::get (5 bytes)
Event: 1852.234 Thread 0x140e6800 nmethod 2108 0x01db16c8 code [0x01db17c0, 0x01db1840]

GC Heap History (10 events):
Event: 6.345 GC heap before
{Heap before GC invocations=55 (full 2):
 def new generation   total 9280K, used 8862K [0x03c00000, 0x04610000, 0x09150000)
  eden space 8256K, 100% used [0x03c00000, 0x04410000, 0x04410000)
  from space 1024K,  59% used [0x04410000, 0x044a78c8, 0x04510000)
  to   space 1024K,   0% used [0x04510000, 0x04510000, 0x04610000)
 tenured generation   total 20592K, used 19852K [0x09150000, 0x0a56c000, 0x13c00000)
   the space 20592K,  96% used [0x09150000, 0x0a4b3040, 0x0a4b3200, 0x0a56c000)
 Metaspace       used 18633K, capacity 18868K, committed 18944K, reserved 19840K
Event: 6.348 GC heap after
Heap after GC invocations=56 (full 2):
 def new generation   total 9280K, used 513K [0x03c00000, 0x04610000, 0x09150000)
  eden space 8256K,   0% used [0x03c00000, 0x03c00000, 0x04410000)
  from space 1024K,  50% used [0x04510000, 0x04590670, 0x04610000)
  to   space 1024K,   0% used [0x04410000, 0x04410000, 0x04510000)
 tenured generation   total 20592K, used 20351K [0x09150000, 0x0a56c000, 0x13c00000)
   the space 20592K,  98% used [0x09150000, 0x0a52fde0, 0x0a52fe00, 0x0a56c000)
 Metaspace       used 18633K, capacity 18868K, committed 18944K, reserved 19840K
}
Event: 6.449 GC heap before
{Heap before GC invocations=56 (full 2):
 def new generation   total 9280K, used 8769K [0x03c00000, 0x04610000, 0x09150000)
  eden space 8256K, 100% used [0x03c00000, 0x04410000, 0x04410000)
  from space 1024K,  50% used [0x04510000, 0x04590670, 0x04610000)
  to   space 1024K,   0% used [0x04410000, 0x04410000, 0x04510000)
 tenured generation   total 20592K, used 20351K [0x09150000, 0x0a56c000, 0x13c00000)
   the space 20592K,  98% used [0x09150000, 0x0a52fde0, 0x0a52fe00, 0x0a56c000)
 Metaspace       used 18679K, capacity 18900K, committed 18944K, reserved 19840K
Event: 6.503 GC heap after
Heap after GC invocations=57 (full 3):
 def new generation   total 15360K, used 0K [0x03c00000, 0x04ca0000, 0x09150000)
  eden space 13696K,   0% used [0x03c00000, 0x03c00000, 0x04960000)
  from space 1664K,   0% used [0x04960000, 0x04960000, 0x04b00000)
  to   space 1664K,   0% used [0x04b00000, 0x04b00000, 0x04ca0000)
 tenured generation   total 34032K, used 20417K [0x09150000, 0x0b28c000, 0x13c00000)
   the space 34032K,  59% used [0x09150000, 0x0a540468, 0x0a540600, 0x0b28c000)
 Metaspace       used 18679K, capacity 18900K, committed 18944K, reserved 19840K
}
Event: 7.698 GC heap before
{Heap before GC invocations=57 (full 3):
 def new generation   total 15360K, used 13696K [0x03c00000, 0x04ca0000, 0x09150000)
  eden space 13696K, 100% used [0x03c00000, 0x04960000, 0x04960000)
  from space 1664K,   0% used [0x04960000, 0x04960000, 0x04b00000)
  to   space 1664K,   0% used [0x04b00000, 0x04b00000, 0x04ca0000)
 tenured generation   total 34032K, used 20417K [0x09150000, 0x0b28c000, 0x13c00000)
   the space 34032K,  59% used [0x09150000, 0x0a540468, 0x0a540600, 0x0b28c000)
 Metaspace       used 19370K, capacity 19605K, committed 19712K, reserved 19840K
Event: 7.707 GC heap after
Heap after GC invocations=58 (full 3):
 def new generation   total 15360K, used 1664K [0x03c00000, 0x04ca0000, 0x09150000)
  eden space 13696K,   0% used [0x03c00000, 0x03c00000, 0x04960000)
  from space 1664K, 100% used [0x04b00000, 0x04ca0000, 0x04ca0000)
  to   space 1664K,   0% used [0x04960000, 0x04960000, 0x04b00000)
 tenured generation   total 34032K, used 20808K [0x09150000, 0x0b28c000, 0x13c00000)
   the space 34032K,  61% used [0x09150000, 0x0a5a22d8, 0x0a5a2400, 0x0b28c000)
 Metaspace       used 19370K, capacity 19605K, committed 19712K, reserved 19840K
}
Event: 42.570 GC heap before
{Heap before GC invocations=58 (full 3):
 def new generation   total 15360K, used 15360K [0x03c00000, 0x04ca0000, 0x09150000)
  eden space 13696K, 100% used [0x03c00000, 0x04960000, 0x04960000)
  from space 1664K, 100% used [0x04b00000, 0x04ca0000, 0x04ca0000)
  to   space 1664K,   0% used [0x04960000, 0x04960000, 0x04b00000)
 tenured generation   total 34032K, used 20808K [0x09150000, 0x0b28c000, 0x13c00000)
   the space 34032K,  61% used [0x09150000, 0x0a5a22d8, 0x0a5a2400, 0x0b28c000)
 Metaspace       used 20576K, capacity 20821K, committed 20864K, reserved 20864K
Event: 42.588 GC heap after
Heap after GC invocations=59 (full 3):
 def new generation   total 15360K, used 1664K [0x03c00000, 0x04ca0000, 0x09150000)
  eden space 13696K,   0% used [0x03c00000, 0x03c00000, 0x04960000)
  from space 1664K, 100% used [0x04960000, 0x04b00000, 0x04b00000)
  to   space 1664K,   0% used [0x04b00000, 0x04b00000, 0x04ca0000)
 tenured generation   total 34032K, used 23044K [0x09150000, 0x0b28c000, 0x13c00000)
   the space 34032K,  67% used [0x09150000, 0x0a7d1040, 0x0a7d1200, 0x0b28c000)
 Metaspace       used 20576K, capacity 20821K, committed 20864K, reserved 20864K
}
Event: 54.306 GC heap before
{Heap before GC invocations=59 (full 3):
 def new generation   total 15360K, used 15360K [0x03c00000, 0x04ca0000, 0x09150000)
  eden space 13696K, 100% used [0x03c00000, 0x04960000, 0x04960000)
  from space 1664K, 100% used [0x04960000, 0x04b00000, 0x04b00000)
  to   space 1664K,   0% used [0x04b00000, 0x04b00000, 0x04ca0000)
 tenured generation   total 34032K, used 23044K [0x09150000, 0x0b28c000, 0x13c00000)
   the space 34032K,  67% used [0x09150000, 0x0a7d1040, 0x0a7d1200, 0x0b28c000)
 Metaspace       used 23305K, capacity 23580K, committed 23680K, reserved 23936K
Event: 54.318 GC heap after
Heap after GC invocations=60 (full 3):
 def new generation   total 15360K, used 1664K [0x03c00000, 0x04ca0000, 0x09150000)
  eden space 13696K,   0% used [0x03c00000, 0x03c00000, 0x04960000)
  from space 1664K, 100% used [0x04b00000, 0x04ca0000, 0x04ca0000)
  to   space 1664K,   0% used [0x04960000, 0x04960000, 0x04b00000)
 tenured generation   total 34032K, used 25228K [0x09150000, 0x0b28c000, 0x13c00000)
   the space 34032K,  74% used [0x09150000, 0x0a9f33a8, 0x0a9f3400, 0x0b28c000)
 Metaspace       used 23305K, capacity 23580K, committed 23680K, reserved 23936K
}

Deoptimization events (0 events):
No events

Internal exceptions (10 events):
Event: 38.697 Thread 0x15ce9000 Exception <a 'java/lang/ClassNotFoundException': org/springframework/web/servlet/support/AbstractFlashMapManagerCustomizer> (0x0401a8e0) thrown at [C:\re\workspace\8-2-build-windows-i586-cygwin\jdk8u45\3627\hotspot\src\share\vm\classfile\systemDictionary.c¶IRØ¬YC@
Event: 38.701 Thread 0x15ce9000 Exception <a 'java/lang/ClassNotFoundException': org/springframework/web/servlet/support/SessionFlashMapManagerCustomizer> (0x040332e0) thrown at [C:\re\workspace\8-2-build-windows-i586-cygwin\jdk8u45\3627\hotspot\src\share\vm\classfile\systemDictionary.cp©ÈùÂ%E@
Event: 42.296 Thread 0x15ce9000 Exception <a 'java/security/PrivilegedActionException'> (0x04755b78) thrown at [C:\re\workspace\8-2-build-windows-i586-cygwin\jdk8u45\3627\hotspot\src\share\vm\prims\jvm.cpp, line 1382]
Event: 60.959 Thread 0x14f26000 Exception <a 'java/lang/ArrayIndexOutOfBoundsException'> (0x03f68568) thrown at [C:\re\workspace\8-2-build-windows-i586-cygwin\jdk8u45\3627\hotspot\src\share\vm\runtime\sharedRuntime.cpp, line 605]
Event: 70.926 Thread 0x15ce9000 Exception <a 'java/lang/ArrayIndexOutOfBoundsException': 46> (0x04254b18) thrown at [C:\re\workspace\8-2-build-windows-i586-cygwin\jdk8u45\3627\hotspot\src\share\vm\interpreter\interpreterRuntime.cpp, line 366]
Event: 70.971 Thread 0x15ce9000 Exception <a 'java/lang/ArrayIndexOutOfBoundsException': 31> (0x042b7be0) thrown at [C:\re\workspace\8-2-build-windows-i586-cygwin\jdk8u45\3627\hotspot\src\share\vm\interpreter\interpreterRuntime.cpp, line 366]
Event: 71.035 Thread 0x15ce9000 Exception <a 'java/lang/ArrayIndexOutOfBoundsException': 3> (0x04345498) thrown at [C:\re\workspace\8-2-build-windows-i586-cygwin\jdk8u45\3627\hotspot\src\share\vm\interpreter\interpreterRuntime.cpp, line 366]
Event: 71.069 Thread 0x14f26800 Exception <a 'java/lang/ArrayIndexOutOfBoundsException'> (0x043b0d60) thrown at [C:\re\workspace\8-2-build-windows-i586-cygwin\jdk8u45\3627\hotspot\src\share\vm\runtime\sharedRuntime.cpp, line 605]
Event: 81.119 Thread 0x15ce9000 Exception <a 'java/lang/ArrayIndexOutOfBoundsException'> (0x044ae5b0) thrown at [C:\re\workspace\8-2-build-windows-i586-cygwin\jdk8u45\3627\hotspot\src\share\vm\runtime\sharedRuntime.cpp, line 605]
Event: 81.144 Thread 0x14f27400 Exception <a 'java/lang/ArrayIndexOutOfBoundsException'> (0x044e9f60) thrown at [C:\re\workspace\8-2-build-windows-i586-cygwin\jdk8u45\3627\hotspot\src\share\vm\runtime\sharedRuntime.cpp, line 605]

Events (10 events):
Event: 2235.254 Executing VM operation: ChangeBreakpoints
Event: 2235.255 Executing VM operation: ChangeBreakpoints done
Event: 2235.281 Executing VM operation: ChangeBreakpoints
Event: 2235.282 Executing VM operation: ChangeBreakpoints done
Event: 2235.317 Executing VM operation: ChangeBreakpoints
Event: 2235.319 Executing VM operation: ChangeBreakpoints done
Event: 2235.345 Executing VM operation: ChangeBreakpoints
Event: 2235.347 Executing VM operation: ChangeBreakpoints done
Event: 2282.863 Executing VM operation: RedefineClasses
Event: 2282.880 Executing VM operation: RedefineClasses done


Dynamic libraries:
0x00ed0000 - 0x00f03000 	C:\opt\isv\devtools\jdk1.8.0_45\bin\javaw.exe
0x77270000 - 0x773b2000 	C:\WINDOWS\SYSTEM32\ntdll.dll
0x773d0000 - 0x774a5000 	C:\WINDOWS\system32\kernel32.dll
0x75330000 - 0x7537b000 	C:\WINDOWS\system32\KERNELBASE.dll
0x75b50000 - 0x75bf1000 	C:\WINDOWS\system32\ADVAPI32.dll
0x75ea0000 - 0x75f4c000 	C:\WINDOWS\system32\msvcrt.dll
0x757c0000 - 0x757d9000 	C:\WINDOWS\SYSTEM32\sechost.dll
0x76310000 - 0x763b2000 	C:\WINDOWS\system32\RPCRT4.dll
0x75830000 - 0x758f9000 	C:\WINDOWS\system32\USER32.dll
0x75760000 - 0x757ae000 	C:\WINDOWS\system32\GDI32.dll
0x774b0000 - 0x774ba000 	C:\WINDOWS\system32\LPK.dll
0x756b0000 - 0x7574d000 	C:\WINDOWS\system32\USP10.dll
0x73d20000 - 0x73ebe000 	C:\WINDOWS\WinSxS\x86_microsoft.windows.common-controls_6595b64144ccf1df_6.0.7601.18837_none_41e855142bd5705d\COMCTL32.dll
0x75c00000 - 0x75c57000 	C:\WINDOWS\system32\SHLWAPI.dll
0x75500000 - 0x7551f000 	C:\WINDOWS\system32\IMM32.DLL
0x75560000 - 0x7562c000 	C:\WINDOWS\system32\MSCTF.dll
0x777a0000 - 0x7785f000 	C:\opt\isv\devtools\jdk1.8.0_45\jre\bin\msvcr100.dll
0x6cf40000 - 0x6d300000 	C:\opt\isv\devtools\jdk1.8.0_45\jre\bin\client\jvm.dll
0x70e30000 - 0x70e37000 	C:\WINDOWS\system32\WSOCK32.dll
0x75520000 - 0x75555000 	C:\WINDOWS\system32\WS2_32.dll
0x757b0000 - 0x757b6000 	C:\WINDOWS\system32\NSI.dll
0x73630000 - 0x73662000 	C:\WINDOWS\system32\WINMM.dll
0x74670000 - 0x74679000 	C:\WINDOWS\system32\VERSION.dll
0x75750000 - 0x75755000 	C:\WINDOWS\system32\PSAPI.DLL
0x6f760000 - 0x6f76c000 	C:\opt\isv\devtools\jdk1.8.0_45\jre\bin\verify.dll
0x6f6c0000 - 0x6f6e1000 	C:\opt\isv\devtools\jdk1.8.0_45\jre\bin\java.dll
0x6d490000 - 0x6d4b9000 	C:\opt\isv\devtools\jdk1.8.0_45\jre\bin\jdwp.dll
0x6f7e0000 - 0x6f7e7000 	C:\opt\isv\devtools\jdk1.8.0_45\jre\bin\npt.dll
0x6dba0000 - 0x6dbb3000 	C:\opt\isv\devtools\jdk1.8.0_45\jre\bin\zip.dll
0x763c0000 - 0x7700b000 	C:\WINDOWS\system32\SHELL32.dll
0x75900000 - 0x75a5d000 	C:\WINDOWS\system32\ole32.dll
0x751f0000 - 0x751fb000 	C:\WINDOWS\system32\profapi.dll
0x6f7b0000 - 0x6f7b8000 	C:\opt\isv\devtools\jdk1.8.0_45\jre\bin\dt_socket.dll
0x73350000 - 0x73360000 	C:\WINDOWS\system32\NLAapi.dll
0x6ebb0000 - 0x6ebc0000 	C:\WINDOWS\system32\napinsp.dll
0x6eb90000 - 0x6eba2000 	C:\WINDOWS\system32\pnrpnsp.dll
0x74be0000 - 0x74c1c000 	C:\WINDOWS\System32\mswsock.dll
0x74aa0000 - 0x74ae4000 	C:\WINDOWS\system32\DNSAPI.dll
0x6eb60000 - 0x6eb68000 	C:\WINDOWS\System32\winrnr.dll
0x6eb50000 - 0x6eb5d000 	C:\WINDOWS\system32\wshbth.dll
0x71810000 - 0x71831000 	C:\Program Files\Bonjour\mdnsNSP.dll
0x72400000 - 0x7241c000 	C:\WINDOWS\system32\Iphlpapi.DLL
0x723f0000 - 0x723f7000 	C:\WINDOWS\system32\WINNSI.DLL
0x71d00000 - 0x71d38000 	C:\WINDOWS\System32\fwpuclnt.dll
0x71800000 - 0x71806000 	C:\WINDOWS\system32\rasadhlp.dll
0x74700000 - 0x74705000 	C:\WINDOWS\System32\wshtcpip.dll
0x73190000 - 0x7319a000 	C:\opt\isv\devtools\jdk1.8.0_45\jre\bin\management.dll
0x6d9b0000 - 0x6d9c5000 	C:\opt\isv\devtools\jdk1.8.0_45\jre\bin\net.dll
0x74bd0000 - 0x74bd6000 	C:\WINDOWS\System32\wship6.dll
0x6f750000 - 0x6f75f000 	C:\opt\isv\devtools\jdk1.8.0_45\jre\bin\nio.dll
0x74c20000 - 0x74c36000 	C:\WINDOWS\system32\CRYPTSP.dll
0x749b0000 - 0x749eb000 	C:\WINDOWS\system32\rsaenh.dll
0x754e0000 - 0x754f7000 	C:\WINDOWS\system32\USERENV.dll
0x750b0000 - 0x750bc000 	C:\WINDOWS\system32\CRYPTBASE.dll
0x71c80000 - 0x71c92000 	C:\WINDOWS\system32\dhcpcsvc.DLL
0x71c50000 - 0x71c5d000 	C:\WINDOWS\system32\dhcpcsvc6.DLL
0x73050000 - 0x7313b000 	C:\WINDOWS\system32\dbghelp.dll

VM Arguments:
jvm_args: -agentlib:jdwp=transport=dt_socket,suspend=y,address=localhost:47227 -Dfile.encoding=Cp1252 
java_command: com.hello.Application
java_class_path (initial): C:\Workspaces\ProAnalytics\SpringBoot\bin;C:\Users\nxn8761\.gradle\caches\modules-2\files-2.1\org.springframework.boot\spring-boot-starter-web\1.3.3.RELEASE\f1ee2657f50844d8682b30a1f40aebff3ad60cce\spring-boot-starter-web-1.3.3.RELEASE.jar;C:\Users\nxn8761\.gradle\caches\modules-2\files-2.1\org.springframework.boot\spring-boot-starter-actuator\1.3.3.RELEASE\ec15d8ba682e5e287a6d8cb1299ca69214a46530\spring-boot-starter-actuator-1.3.3.RELEASE.jar;C:\Users\nxn8761\.gradle\caches\modules-2\files-2.1\org.springframework.boot\spring-boot-starter-jdbc\1.2.7.RELEASE\8d6cdbc948a01739361500f3c7482523611505cc\spring-boot-starter-jdbc-1.2.7.RELEASE.jar;C:\Users\nxn8761\.gradle\caches\modules-2\files-2.1\org.springframework.boot\spring-boot-starter-test\1.3.3.RELEASE\f440856dcf4c3018c9005fa229e7509f28927a73\spring-boot-starter-test-1.3.3.RELEASE.jar;C:\Users\nxn8761\.gradle\caches\modules-2\files-2.1\org.springframework.boot\spring-boot-starter\1.3.3.RELEASE\e4a71ce6ae8e42a7535dd9f1a39f91d36c538f28\spring-boot-starter-1.3.3.RELEASE.jar;C:\Users\nxn8761\.gradle\caches\modules-2\files-2.1\org.springframework.boot\spring-boot-starter-tomcat\1.3.3.RELEASE\541468d85cc2c94d2b538b0fa07c018847bb9b78\spring-boot-starter-tomcat-1.3.3.RELEASE.jar;C:\Users\nxn8761\.gradle\caches\modules-2\files-2.1\org.springframework.boot\spring-boot-starter-validation\1.3.3.RELEASE\df2d5a437fa3093b8da99216c355189fe7b5e64\spring-boot-starter-validation-1.3.3.RELEASE.jar;C:\Users\nxn8761\.gradle\caches\modules-2\files-2.1\com.fasterxml.jackson.core\jackson-databind\2.6.5\d50be1723a09befd903887099ff2014ea9020333\jackson-databind-2.6.5.jar;C:\Users\nxn8761\.gradle\caches\modules-2\files-2.1\org.springframework\spring-web\4.2.5.RELEASE\49cd2430884b77172aa81e3fc33ef668ea1dab30\spring-web-4.2.5.RELEASE.jar;C:\Users\nxn8761\.gradle\caches\modules-2\files-2.1\org.springframework\spring-webmvc\4.2.5.RELEASE\cf463cce3e4453eb4b9a69de2dcdfd60c3c57e0\spring-webmvc-4.2.5.RELEASE.jar;C:\Users\
Launcher Type: SUN_STANDARD

Environment Variables:
JAVA_HOME=C:\opt\isv\devtools\jdk1.8.0_45
CLASSPATH=.;C:\PROGRA~1\IBM\SQLLIB\java\db2java.zip;C:\PROGRA~1\IBM\SQLLIB\java\db2jcc.jar;C:\PROGRA~1\IBM\SQLLIB\java\db2jcc_license_cu.jar;C:\PROGRA~1\IBM\SQLLIB\bin
PATH=C:\opt\isv\devtools\jdk1.8.0_45\jre\bin;C:\Program Files\Teradata\Client\15.10\bin;C:\Program Files\RSA SecurID Token Common;C:\WINDOWS\system32;C:\WINDOWS;C:\WINDOWS\System32\Wbem;C:\WINDOWS\System32\WindowsPowerShell\v1.0\;C:\Program Files\Microsoft SQL Server\110\Tools\Binn\ManagementStudio\;C:\Program Files\Microsoft SQL Server\110\Tools\Binn\;C:\Program Files\Microsoft SQL Server\110\DTS\Binn\;c:\Program Files\Microsoft SQL Server\90\Tools\binn\;C:\Program Files\Microsoft SQL Server\100\Tools\Binn\VSShell\Common7\IDE\;C:\Program Files\Microsoft SQL Server\100\Tools\Binn\;C:\Program Files\Microsoft Visual Studio 9.0\Common7\IDE\PrivateAssemblies\;C:\Program Files\Microsoft SQL Server\100\DTS\Binn\;C:\PROGRA~1\IBM\SQLLIB\BIN;C:\PROGRA~1\IBM\SQLLIB\FUNCTION;C:\WINDOWS\System32\WindowsPowerShell\v1.0\;C:\Users\nxn8761\Downloads\gradle-2.11\bin;C:\opt\isv\devtools\jdk1.8.0_45\bin;C:\Users\nxn8761\Downloads\gradle-2.11-bin\gradle-2.11\bin;C:\WINDOWS\System32\WindowsPowerShell\v1.0\;C:\Program Files\SASHome\Secure\ccme4;C:\Program Files\Git\cmd;C:\Program Files\Cloud Foundry;C:\Program Files\CloudFoundry;C:\opt\isv\devtools\jdk1.8.0_45\bin;C:\Program Files\MongoDB\Server\3.2\bin;C:\opt\isv\devtools\jdk1.8.0_45\bin;
USERNAME=NXN8761
OS=Windows_NT
PROCESSOR_IDENTIFIER=x86 Family 6 Model 58 Stepping 9, GenuineIntel



---------------  S Y S T E M  ---------------

OS: Windows 7 Build 7601 (6.1.7601.23392)

CPU:total 4 (2 cores per cpu, 2 threads per core) family 6 model 58 stepping 9, cmov, cx8, fxsr, mmx, sse, sse2, sse3, ssse3, sse4.1, sse4.2, popcnt, avx, aes, clmul, erms, ht, tsc, tscinvbit, tscinv

Memory: 4k page, physical 3386152k(441492k free), swap 6770588k(2159496k free)

vm_info: Java HotSpot(TM) Client VM (25.45-b02) for windows-x86 JRE (1.8.0_45-b15), built on Apr 30 2015 12:31:00 by "java_re" with MS VC++ 10.0 (VS2010)

time: Mon Oct 31 14:36:11 2016
elapsed time: 2282 seconds (0d 0h 38m 2s)

